<?xml version="1.0" encoding="UTF-8"?>
<!-- Generated by org.testng.reporters.JUnitXMLReporter -->
<testsuite ignored="0" hostname="IX5CD435GCKM" failures="1" tests="1" name="Test" time="16.111" errors="0" timestamp="2024-12-06T12:40:11 IST">
  <testcase classname="testCases.TC001_AccountRegisterationTest" name="verify_account" time="10.213">
    <failure type="java.lang.AssertionError" message="null">
      <![CDATA[java.lang.AssertionError: null
at testCases.TC001_AccountRegisterationTest.verify_account(TC001_AccountRegisterationTest.java:48)
at java.base/java.util.ArrayList.forEach(ArrayList.java:1511)
... Removed 29 stack frames]]>
    </failure>
  </testcase> <!-- verify_account -->
</testsuite> <!-- Test -->
